#
# A fatal error has been detected by the Java Runtime Environment:
#
#  EXCEPTION_ACCESS_VIOLATION (0xc0000005) at pc=0x00007ff939a4e1b7, pid=13292, tid=6984
#
# JRE version: OpenJDK Runtime Environment Corretto-20.0.2.10.1 (20.0.2.1+10) (build 20.0.2.1+10-FR)
# Java VM: OpenJDK 64-Bit Server VM Corretto-20.0.2.10.1 (20.0.2.1+10-FR, mixed mode, sharing, tiered, compressed oops, compressed class ptrs, g1 gc, windows-amd64)
# Problematic frame:
# C  [lwjgl_opengl.dll+0xe1b7]
#
# No core dump will be written. Minidumps are not enabled by default on client versions of Windows
#
# If you would like to submit a bug report, please visit:
#   https://github.com/corretto/corretto-20/issues/
# The crash happened outside the Java Virtual Machine in native code.
# See problematic frame for where to report the bug.
#

---------------  S U M M A R Y ------------

Command Line: -javaagent:C:\Program Files\JetBrains\IntelliJ IDEA Community Edition 2023.3.5\lib\idea_rt.jar=56405:C:\Program Files\JetBrains\IntelliJ IDEA Community Edition 2023.3.5\bin -Dfile.encoding=UTF-8 -Dsun.stdout.encoding=UTF-8 -Dsun.stderr.encoding=UTF-8 main.engineTester.MainGameLoop

Host: Intel(R) Core(TM) i5-10300H CPU @ 2.50GHz, 8 cores, 7G,  Windows 11 , 64 bit Build 22621 (10.0.22621.3527)
Time: Thu Jun  6 22:18:19 2024  Windows 11 , 64 bit Build 22621 (10.0.22621.3527) elapsed time: 0.256889 seconds (0d 0h 0m 0s)

---------------  T H R E A D  ---------------

Current thread (0x000001b91f40e6c0):  JavaThread "main" [_thread_in_native, id=6984, stack(0x0000007a11a00000,0x0000007a11b00000)]

Stack: [0x0000007a11a00000,0x0000007a11b00000],  sp=0x0000007a11aff0e8,  free space=1020k
Native frames: (J=compiled Java code, j=interpreted, Vv=VM code, C=native code)
C  [lwjgl_opengl.dll+0xe1b7]

Java frames: (J=compiled Java code, j=interpreted, Vv=VM code)
j  org.lwjgl.opengl.GL20C.glCreateShader(I)I+0
j  org.lwjgl.opengl.GL20.glCreateShader(I)I+1
j  main.shaders.ShaderProgram.loadShader(Ljava/lang/String;I)I+37
j  main.shaders.ShaderProgram.<init>(Ljava/lang/String;Ljava/lang/String;)V+9
j  main.shaders.StaticShader.<init>()V+7
j  main.engineTester.MainGameLoop.<clinit>()V+104
v  ~StubRoutines::call_stub 0x000001b92ec7100d

siginfo: EXCEPTION_ACCESS_VIOLATION (0xc0000005), reading address 0x0000000000000e38


Registers:
RAX=0x000001b97d803480, RBX=0x000001b9004eb008, RCX=0x0000000000000000, RDX=0x0000007a11aff178
RSP=0x0000007a11aff0e8, RBP=0x0000007a11aff168, RSI=0x0000000000000000, RDI=0x0000000000000000
R8 =0x0000000000008b31, R9 =0x0000000000000002, R10=0x000001b92ec91fc4, R11=0x000000008a16c658
R12=0x0000000000000000, R13=0x000001b9004eaff8, R14=0x0000007a11aff188, R15=0x000001b91f40e6c0
RIP=0x00007ff939a4e1b7, EFLAGS=0x0000000000010206


Register to memory mapping:

RIP=0x00007ff939a4e1b7 lwjgl_opengl.dll
RAX=0x000001b97d803480 points into unknown readable memory: 0x0000000000000000 | 00 00 00 00 00 00 00 00
RBX={method} {0x000001b9004eb010} 'glCreateShader' '(I)I' in 'org/lwjgl/opengl/GL20C'
RCX=0x0 is NULL
RDX=0x0000007a11aff178 is pointing into the stack for thread: 0x000001b91f40e6c0
RSP=0x0000007a11aff0e8 is pointing into the stack for thread: 0x000001b91f40e6c0
RBP=0x0000007a11aff168 is pointing into the stack for thread: 0x000001b91f40e6c0
RSI=0x0 is NULL
RDI=0x0 is NULL
R8 =0x0000000000008b31 is an unknown value
R9 =0x0000000000000002 is an unknown value
R10=0x000001b92ec91fc4 is at code_begin+996 in an Interpreter codelet
method entry point (kind = native)  [0x000001b92ec91be0, 0x000001b92ec926d0]  2800 bytes
R11=0x000000008a16c658 is an oop: java.lang.Class 
{0x000000008a16c658} - klass: 'java/lang/Class'
 - ---- fields (total size 54 words):
 - private volatile transient 'classRedefinedCount' 'I' @12  0 (0x00000000)
 - abstract internal 'klass' 'J' @16  1895108273096 (0x000001b93d4163c8)
 - abstract internal 'array_klass' 'J' @24  0 (0x0000000000000000)
 - abstract internal 'oop_size' 'I' @32  54 (0x00000036)
 - abstract internal 'static_oop_field_count' 'I' @36  0 (0x00000000)
 - private volatile transient 'cachedConstructor' 'Ljava/lang/reflect/Constructor;' @40  NULL (0x00000000)
 - private transient 'name' 'Ljava/lang/String;' @44  "org.lwjgl.opengl.GL20C"{0x000000008a16c808} (0x8a16c808)
 - private transient 'module' 'Ljava/lang/Module;' @48  a 'java/lang/Module'{0x000000008a768dc8} (0x8a768dc8)
 - private final 'classLoader' 'Ljava/lang/ClassLoader;' @52  a 'jdk/internal/loader/ClassLoaders$AppClassLoader'{0x000000008a768c08} (0x8a768c08)
 - private transient 'classData' 'Ljava/lang/Object;' @56  NULL (0x00000000)
 - private transient 'packageName' 'Ljava/lang/String;' @60  "org.lwjgl.opengl"{0x000000008a5e1200} (0x8a5e1200)
 - private final 'componentType' 'Ljava/lang/Class;' @64  NULL (0x00000000)
 - private volatile transient 'reflectionData' 'Ljava/lang/ref/SoftReference;' @68  NULL (0x00000000)
 - private volatile transient 'genericInfo' 'Lsun/reflect/generics/repository/ClassRepository;' @72  NULL (0x00000000)
 - private volatile transient 'enumConstants' '[Ljava/lang/Object;' @76  NULL (0x00000000)
 - private volatile transient 'enumConstantDirectory' 'Ljava/util/Map;' @80  NULL (0x00000000)
 - private volatile transient 'annotationData' 'Ljava/lang/Class$AnnotationData;' @84  NULL (0x00000000)
 - private volatile transient 'annotationType' 'Lsun/reflect/annotation/AnnotationType;' @88  NULL (0x00000000)
 - transient 'classValueMap' 'Ljava/lang/ClassValue$ClassValueMap;' @92  NULL (0x00000000)
 - abstract internal 'protection_domain' 'Ljava/lang/Object;' @96  a 'java/security/ProtectionDomain'{0x000000008a48ca00} (0x8a48ca00)
 - abstract internal 'signers_name' 'Ljava/lang/Object;' @100  NULL (0x00000000)
 - abstract internal 'source_file' 'Ljava/lang/Object;' @104  NULL (0x00000000)
 - signature: Lorg/lwjgl/opengl/GL20C;
 - ---- static fields (0):
 - public static final 'GL_SHADING_LANGUAGE_VERSION' 'I' @112  35724 (0x00008b8c)
 - public static final 'GL_CURRENT_PROGRAM' 'I' @116  35725 (0x00008b8d)
 - public static final 'GL_SHADER_TYPE' 'I' @120  35663 (0x00008b4f)
 - public static final 'GL_DELETE_STATUS' 'I' @124  35712 (0x00008b80)
 - public static final 'GL_COMPILE_STATUS' 'I' @128  35713 (0x00008b81)
 - public static final 'GL_LINK_STATUS' 'I' @132  35714 (0x00008b82)
 - public static final 'GL_VALIDATE_STATUS' 'I' @136  35715 (0x00008b83)
 - public static final 'GL_INFO_LOG_LENGTH' 'I' @140  35716 (0x00008b84)
 - public static final 'GL_ATTACHED_SHADERS' 'I' @144  35717 (0x00008b85)
 - public static final 'GL_ACTIVE_UNIFORMS' 'I' @148  35718 (0x00008b86)
 - public static final 'GL_ACTIVE_UNIFORM_MAX_LENGTH' 'I' @152  35719 (0x00008b87)
 - public static final 'GL_ACTIVE_ATTRIBUTES' 'I' @156  35721 (0x00008b89)
 - public static final 'GL_ACTIVE_ATTRIBUTE_MAX_LENGTH' 'I' @160  35722 (0x00008b8a)
 - public static final 'GL_SHADER_SOURCE_LENGTH' 'I' @164  35720 (0x00008b88)
 - public static final 'GL_FLOAT_VEC2' 'I' @168  35664 (0x00008b50)
 - public static final 'GL_FLOAT_VEC3' 'I' @172  35665 (0x00008b51)
 - public static final 'GL_FLOAT_VEC4' 'I' @176  35666 (0x00008b52)
 - public static final 'GL_INT_VEC2' 'I' @180  35667 (0x00008b53)
 - public static final 'GL_INT_VEC3' 'I' @184  35668 (0x00008b54)
 - public static final 'GL_INT_VEC4' 'I' @188  35669 (0x00008b55)
 - public static final 'GL_BOOL' 'I' @192  35670 (0x00008b56)
 - public static final 'GL_BOOL_VEC2' 'I' @196  35671 (0x00008b57)
 - public static final 'GL_BOOL_VEC3' 'I' @200  35672 (0x00008b58)
 - public static final 'GL_BOOL_VEC4' 'I' @204  35673 (0x00008b59)
 - public static final 'GL_FLOAT_MAT2' 'I' @208  35674 (0x00008b5a)
 - public static final 'GL_FLOAT_MAT3' 'I' @212  35675 (0x00008b5b)
 - public static final 'GL_FLOAT_MAT4' 'I' @216  35676 (0x00008b5c)
 - public static final 'GL_SAMPLER_1D' 'I' @220  35677 (0x00008b5d)
 - public static final 'GL_SAMPLER_2D' 'I' @224  35678 (0x00008b5e)
 - public static final 'GL_SAMPLER_3D' 'I' @228  35679 (0x00008b5f)
 - public static final 'GL_SAMPLER_CUBE' 'I' @232  35680 (0x00008b60)
 - public static final 'GL_SAMPLER_1D_SHADOW' 'I' @236  35681 (0x00008b61)
 - public static final 'GL_SAMPLER_2D_SHADOW' 'I' @240  35682 (0x00008b62)
 - public static final 'GL_VERTEX_SHADER' 'I' @244  35633 (0x00008b31)
 - public static final 'GL_MAX_VERTEX_UNIFORM_COMPONENTS' 'I' @248  35658 (0x00008b4a)
 - public static final 'GL_MAX_VARYING_FLOATS' 'I' @252  35659 (0x00008b4b)
 - public static final 'GL_MAX_VERTEX_ATTRIBS' 'I' @256  34921 (0x00008869)
 - public static final 'GL_MAX_TEXTURE_IMAGE_UNITS' 'I' @260  34930 (0x00008872)
 - public static final 'GL_MAX_VERTEX_TEXTURE_IMAGE_UNITS' 'I' @264  35660 (0x00008b4c)
 - public static final 'GL_MAX_COMBINED_TEXTURE_IMAGE_UNITS' 'I' @268  35661 (0x00008b4d)
 - public static final 'GL_VERTEX_PROGRAM_POINT_SIZE' 'I' @272  34370 (0x00008642)
 - public static final 'GL_VERTEX_ATTRIB_ARRAY_ENABLED' 'I' @276  34338 (0x00008622)
 - public static final 'GL_VERTEX_ATTRIB_ARRAY_SIZE' 'I' @280  34339 (0x00008623)
 - public static final 'GL_VERTEX_ATTRIB_ARRAY_STRIDE' 'I' @284  34340 (0x00008624)
 - public static final 'GL_VERTEX_ATTRIB_ARRAY_TYPE' 'I' @288  34341 (0x00008625)
 - public static final 'GL_VERTEX_ATTRIB_ARRAY_NORMALIZED' 'I' @292  34922 (0x0000886a)
 - public static final 'GL_CURRENT_VERTEX_ATTRIB' 'I' @296  34342 (0x00008626)
 - public static final 'GL_VERTEX_ATTRIB_ARRAY_POINTER' 'I' @300  34373 (0x00008645)
 - public static final 'GL_FRAGMENT_SHADER' 'I' @304  35632 (0x00008b30)
 - public static final 'GL_MAX_FRAGMENT_UNIFORM_COMPONENTS' 'I' @308  35657 (0x00008b49)
 - public static final 'GL_FRAGMENT_SHADER_DERIVATIVE_HINT' 'I' @312  35723 (0x00008b8b)
 - public static final 'GL_MAX_DRAW_BUFFERS' 'I' @316  34852 (0x00008824)
 - public static final 'GL_DRAW_BUFFER0' 'I' @320  34853 (0x00008825)
 - public static final 'GL_DRAW_BUFFER1' 'I' @324  34854 (0x00008826)
 - public static final 'GL_DRAW_BUFFER2' 'I' @328  34855 (0x00008827)
 - public static final 'GL_DRAW_BUFFER3' 'I' @332  34856 (0x00008828)
 - public static final 'GL_DRAW_BUFFER4' 'I' @336  34857 (0x00008829)
 - public static final 'GL_DRAW_BUFFER5' 'I' @340  34858 (0x0000882a)
 - public static final 'GL_DRAW_BUFFER6' 'I' @344  34859 (0x0000882b)
 - public static final 'GL_DRAW_BUFFER7' 'I' @348  34860 (0x0000882c)
 - public static final 'GL_DRAW_BUFFER8' 'I' @352  34861 (0x0000882d)
 - public static final 'GL_DRAW_BUFFER9' 'I' @356  34862 (0x0000882e)
 - public static final 'GL_DRAW_BUFFER10' 'I' @360  34863 (0x0000882f)
 - public static final 'GL_DRAW_BUFFER11' 'I' @364  34864 (0x00008830)
 - public static final 'GL_DRAW_BUFFER12' 'I' @368  34865 (0x00008831)
 - public static final 'GL_DRAW_BUFFER13' 'I' @372  34866 (0x00008832)
 - public static final 'GL_DRAW_BUFFER14' 'I' @376  34867 (0x00008833)
 - public static final 'GL_DRAW_BUFFER15' 'I' @380  34868 (0x00008834)
 - public static final 'GL_POINT_SPRITE_COORD_ORIGIN' 'I' @384  36000 (0x00008ca0)
 - public static final 'GL_LOWER_LEFT' 'I' @388  36001 (0x00008ca1)
 - public static final 'GL_UPPER_LEFT' 'I' @392  36002 (0x00008ca2)
 - public static final 'GL_BLEND_EQUATION_RGB' 'I' @396  32777 (0x00008009)
 - public static final 'GL_BLEND_EQUATION_ALPHA' 'I' @400  34877 (0x0000883d)
 - public static final 'GL_STENCIL_BACK_FUNC' 'I' @404  34816 (0x00008800)
 - public static final 'GL_STENCIL_BACK_FAIL' 'I' @408  34817 (0x00008801)
 - public static final 'GL_STENCIL_BACK_PASS_DEPTH_FAIL' 'I' @412  34818 (0x00008802)
 - public static final 'GL_STENCIL_BACK_PASS_DEPTH_PASS' 'I' @416  34819 (0x00008803)
 - public static final 'GL_STENCIL_BACK_REF' 'I' @420  36003 (0x00008ca3)
 - public static final 'GL_STENCIL_BACK_VALUE_MASK' 'I' @424  36004 (0x00008ca4)
 - public static final 'GL_STENCIL_BACK_WRITEMASK' 'I' @428  36005 (0x00008ca5)
R12=0x0 is NULL
R13=0x000001b9004eaff8 is pointing into metadata
R14=0x0000007a11aff188 is pointing into the stack for thread: 0x000001b91f40e6c0
R15=0x000001b91f40e6c0 is a thread


Top of Stack: (sp=0x0000007a11aff0e8)
0x0000007a11aff0e8:   000001b92ec91ff3 000001b9004eb008
0x0000007a11aff0f8:   0000000000000000 0000000000000000
0x0000007a11aff108:   000001b93cfc4458 000001b90040eca0
0x0000007a11aff118:   000001b92ec91c96 0000007a11aff120
0x0000007a11aff128:   000001b9004eaff8 0000007a11aff188
0x0000007a11aff138:   000001b900518000 0000000000000000
0x0000007a11aff148:   000000008a16c658 000001b9004eb008
0x0000007a11aff158:   0000000000000000 0000007a11aff188
0x0000007a11aff168:   0000007a11aff1d8 000001b92ec8df9e
0x0000007a11aff178:   000000008a16c658 000001b92ec8f895
0x0000007a11aff188:   0000000000008b31 0000007a11aff190
0x0000007a11aff198:   000001b90040ec79 0000007a11aff1e8
0x0000007a11aff1a8:   000001b90046e130 0000000000000000
0x0000007a11aff1b8:   000000008a4e1f98 000001b90040eca0
0x0000007a11aff1c8:   0000007a11aff188 0000007a11aff1e8
0x0000007a11aff1d8:   0000007a11aff238 000001b92ec8df9e
0x0000007a11aff1e8:   0000000000008b31 0000007a11aff1f0
0x0000007a11aff1f8:   000001b900409025 0000007a11aff268
0x0000007a11aff208:   000001b900409598 0000000000000000
0x0000007a11aff218:   000000008a5dcf58 000001b9004090c0
0x0000007a11aff228:   0000007a11aff1e8 0000007a11aff258
0x0000007a11aff238:   0000007a11aff2c0 000001b92ec8df9e
0x0000007a11aff248:   0000000000000000 000000008a5ddfd8
0x0000007a11aff258:   0000000000008b31 000000008a5ddf20
0x0000007a11aff268:   000000008a5ddfc0 000000008a5ddfc0
0x0000007a11aff278:   0000007a11aff278 000001b900408b71
0x0000007a11aff288:   0000007a11aff2e0 000001b900409598
0x0000007a11aff298:   0000000000000000 000000008a5dcf58
0x0000007a11aff2a8:   000001b900408be8 0000007a11aff258
0x0000007a11aff2b8:   0000007a11aff2d0 0000007a11aff330
0x0000007a11aff2c8:   000001b92ec8de8a 000000008a5ddf70
0x0000007a11aff2d8:   000000008a5ddf20 000000008a5ddfc0 

Instructions: (pc=0x00007ff939a4e1b7)
0x00007ff939a4e0b7:   8b c8 4c 8b 50 18 49 ff a2 f8 0d 00 00 cc cc cc
0x00007ff939a4e0c7:   cc cc cc cc cc cc cc cc cc 48 8b 01 41 8b c8 48
0x00007ff939a4e0d7:   8b 50 18 48 ff a2 00 0e 00 00 cc cc cc cc cc cc
0x00007ff939a4e0e7:   cc cc cc cc cc cc cc cc cc 48 8b 01 45 8b d8 4c
0x00007ff939a4e0f7:   8b 44 24 28 41 8b d1 41 8b cb 4c 8b 50 18 49 ff
0x00007ff939a4e107:   a2 08 0e 00 00 cc cc cc cc 48 8b 01 45 8b d8 4c
0x00007ff939a4e117:   8b 44 24 28 41 8b d1 41 8b cb 4c 8b 50 18 49 ff
0x00007ff939a4e127:   a2 10 0e 00 00 cc cc cc cc 48 8b 01 45 8b d8 4c
0x00007ff939a4e137:   8b 44 24 28 41 8b d1 41 8b cb 4c 8b 50 18 49 ff
0x00007ff939a4e147:   a2 18 0e 00 00 cc cc cc cc 48 8b 01 48 8b 48 18
0x00007ff939a4e157:   48 8b 81 20 0e 00 00 48 ff e0 cc cc cc cc cc cc
0x00007ff939a4e167:   cc cc cc cc cc cc cc cc cc 48 8b 01 41 8b c8 48
0x00007ff939a4e177:   8b 50 18 48 ff a2 28 0e 00 00 cc cc cc cc cc cc
0x00007ff939a4e187:   cc cc cc cc cc cc cc cc cc 48 8b 01 48 8b 48 18
0x00007ff939a4e197:   48 8b 81 30 0e 00 00 41 8b c8 48 ff e0 cc cc cc
0x00007ff939a4e1a7:   cc cc cc cc cc cc cc cc cc 48 8b 01 48 8b 48 18
0x00007ff939a4e1b7:   48 8b 81 38 0e 00 00 41 8b c8 48 ff e0 cc cc cc
0x00007ff939a4e1c7:   cc cc cc cc cc cc cc cc cc 48 8b 01 41 8b c8 48
0x00007ff939a4e1d7:   8b 50 18 48 ff a2 40 0e 00 00 cc cc cc cc cc cc
0x00007ff939a4e1e7:   cc cc cc cc cc cc cc cc cc 48 8b 01 48 8b 48 18
0x00007ff939a4e1f7:   48 8b 81 48 0e 00 00 41 8b c8 48 ff e0 cc cc cc
0x00007ff939a4e207:   cc cc cc cc cc cc cc cc cc 48 8b 01 41 8b d1 41
0x00007ff939a4e217:   8b c8 4c 8b 50 18 49 ff a2 50 0e 00 00 cc cc cc
0x00007ff939a4e227:   cc cc cc cc cc cc cc cc cc 48 8b 01 41 8b d1 41
0x00007ff939a4e237:   8b c8 4c 8b 50 18 49 ff a2 58 0e 00 00 cc cc cc
0x00007ff939a4e247:   cc cc cc cc cc cc cc cc cc 40 53 48 8b 01 41 8b
0x00007ff939a4e257:   d8 4c 8b 44 24 30 41 8b d1 4c 8b 4c 24 38 8b cb
0x00007ff939a4e267:   4c 8b 50 18 5b 49 ff a2 60 0e 00 00 cc cc cc cc
0x00007ff939a4e277:   cc cc cc cc cc cc cc cc cc 48 8b 01 41 8b c8 48
0x00007ff939a4e287:   8b 50 18 48 ff a2 68 0e 00 00 cc cc cc cc cc cc
0x00007ff939a4e297:   cc cc cc cc cc cc cc cc cc 48 8b 01 41 8b c8 48
0x00007ff939a4e2a7:   8b 50 18 48 ff a2 70 0e 00 00 cc cc cc cc cc cc 


Stack slot to memory mapping:
stack at sp + 0 slots: 0x000001b92ec91ff3 is at code_begin+1043 in an Interpreter codelet
method entry point (kind = native)  [0x000001b92ec91be0, 0x000001b92ec926d0]  2800 bytes
stack at sp + 1 slots: {method} {0x000001b9004eb010} 'glCreateShader' '(I)I' in 'org/lwjgl/opengl/GL20C'
stack at sp + 2 slots: 0x0 is NULL
stack at sp + 3 slots: 0x0 is NULL
stack at sp + 4 slots: 0x000001b93cfc4458 is pointing into metadata
stack at sp + 5 slots: {method} {0x000001b90040eca8} 'glCreateShader' '(I)I' in 'org/lwjgl/opengl/GL20'
stack at sp + 6 slots: 0x000001b92ec91c96 is at code_begin+182 in an Interpreter codelet
method entry point (kind = native)  [0x000001b92ec91be0, 0x000001b92ec926d0]  2800 bytes
stack at sp + 7 slots: 0x0000007a11aff120 is pointing into the stack for thread: 0x000001b91f40e6c0


---------------  P R O C E S S  ---------------

Threads class SMR info:
_java_thread_list=0x000001b97d6ca610, length=12, elements={
0x000001b91f40e6c0, 0x000001b93bff6f00, 0x000001b93bff78e0, 0x000001b93bff9c80,
0x000001b93bfff5e0, 0x000001b93c004d50, 0x000001b93c0052a0, 0x000001b93c013140,
0x000001b93c010c90, 0x000001b93c006290, 0x000001b93c002d70, 0x000001b93c0057f0
}

Java Threads: ( => current thread )
=>0x000001b91f40e6c0 JavaThread "main" [_thread_in_native, id=6984, stack(0x0000007a11a00000,0x0000007a11b00000)]
  0x000001b93bff6f00 JavaThread "Reference Handler" daemon [_thread_blocked, id=524, stack(0x0000007a12100000,0x0000007a12200000)]
  0x000001b93bff78e0 JavaThread "Finalizer" daemon [_thread_blocked, id=7716, stack(0x0000007a12200000,0x0000007a12300000)]
  0x000001b93bff9c80 JavaThread "Signal Dispatcher" daemon [_thread_blocked, id=15044, stack(0x0000007a12300000,0x0000007a12400000)]
  0x000001b93bfff5e0 JavaThread "Attach Listener" daemon [_thread_blocked, id=12380, stack(0x0000007a12400000,0x0000007a12500000)]
  0x000001b93c004d50 JavaThread "Service Thread" daemon [_thread_blocked, id=13548, stack(0x0000007a12500000,0x0000007a12600000)]
  0x000001b93c0052a0 JavaThread "Monitor Deflation Thread" daemon [_thread_blocked, id=2252, stack(0x0000007a12600000,0x0000007a12700000)]
  0x000001b93c013140 JavaThread "C2 CompilerThread0" daemon [_thread_blocked, id=11028, stack(0x0000007a12700000,0x0000007a12800000)]
  0x000001b93c010c90 JavaThread "C1 CompilerThread0" daemon [_thread_blocked, id=7736, stack(0x0000007a12800000,0x0000007a12900000)]
  0x000001b93c006290 JavaThread "Common-Cleaner" daemon [_thread_blocked, id=13564, stack(0x0000007a12900000,0x0000007a12a00000)]
  0x000001b93c002d70 JavaThread "Monitor Ctrl-Break" daemon [_thread_in_native, id=4888, stack(0x0000007a12a00000,0x0000007a12b00000)]
  0x000001b93c0057f0 JavaThread "Notification Thread" daemon [_thread_blocked, id=13684, stack(0x0000007a12b00000,0x0000007a12c00000)]

Other Threads:
  0x000001b93bfd8a90 VMThread "VM Thread" [stack: 0x0000007a12000000,0x0000007a12100000] [id=8468]
  0x000001b91f4104f0 WatcherThread "VM Periodic Task Thread" [stack: 0x0000007a12c00000,0x0000007a12d00000] [id=1192]
  0x000001b91f46dc90 WorkerThread "GC Thread#0" [stack: 0x0000007a11b00000,0x0000007a11c00000] [id=10880]
  0x000001b91f47e700 ConcurrentGCThread "G1 Main Marker" [stack: 0x0000007a11c00000,0x0000007a11d00000] [id=12676]
  0x000001b91f47f7d0 WorkerThread "G1 Conc#0" [stack: 0x0000007a11d00000,0x0000007a11e00000] [id=2680]
  0x000001b93be92550 ConcurrentGCThread "G1 Refine#0" [stack: 0x0000007a11e00000,0x0000007a11f00000] [id=11376]
  0x000001b93be92e00 ConcurrentGCThread "G1 Service" [stack: 0x0000007a11f00000,0x0000007a12000000] [id=14832]

Threads with active compile tasks:

VM state: not at safepoint (normal execution)

VM Mutex/Monitor currently owned by a thread: None

Heap address: 0x0000000082a00000, size: 2006 MB, Compressed Oops mode: 32-bit

CDS archive(s) mapped at: [0x000001b93c400000-0x000001b93d060000-0x000001b93d060000), size 12976128, SharedBaseAddress: 0x000001b93c400000, ArchiveRelocationMode: 1.
Compressed class space mapped at: 0x000001b93d400000-0x000001b97d400000, reserved size: 1073741824
Narrow klass base: 0x000001b93c400000, Narrow klass shift: 0, Narrow klass range: 0x100000000

GC Precious Log:
 CardTable entry size: 512
 Card Set container configuration: InlinePtr #cards 5 size 8 Array Of Cards #cards 12 size 40 Howl #buckets 4 coarsen threshold 1843 Howl Bitmap #cards 512 size 80 coarsen threshold 460 Card regions per heap region 1 cards per card region 2048
 CPUs: 8 total, 8 available
 Memory: 8023M
 Large Page Support: Disabled
 NUMA Support: Disabled
 Compressed Oops: Enabled (32-bit)
 Heap Region Size: 1M
 Heap Min Capacity: 8M
 Heap Initial Capacity: 126M
 Heap Max Capacity: 2006M
 Pre-touch: Disabled
 Parallel Workers: 8
 Concurrent Workers: 2
 Concurrent Refinement Workers: 8
 Periodic GC: Disabled

Heap:
 garbage-first heap   total 129024K, used 5120K [0x0000000082a00000, 0x0000000100000000)
  region size 1024K, 7 young (7168K), 0 survivors (0K)
 Metaspace       used 2657K, committed 2816K, reserved 1114112K
  class space    used 178K, committed 256K, reserved 1048576K

Heap Regions: E=young(eden), S=young(survivor), O=old, HS=humongous(starts), HC=humongous(continues), CS=collection set, F=free, OA=open archive, CA=closed archive, TAMS=top-at-mark-start, PB=parsable bottom
|   0|0x0000000082a00000, 0x0000000082a00000, 0x0000000082b00000|  0%| F|  |TAMS 0x0000000082a00000| PB 0x0000000082a00000| Untracked 
|   1|0x0000000082b00000, 0x0000000082b00000, 0x0000000082c00000|  0%| F|  |TAMS 0x0000000082b00000| PB 0x0000000082b00000| Untracked 
|   2|0x0000000082c00000, 0x0000000082c00000, 0x0000000082d00000|  0%| F|  |TAMS 0x0000000082c00000| PB 0x0000000082c00000| Untracked 
|   3|0x0000000082d00000, 0x0000000082d00000, 0x0000000082e00000|  0%| F|  |TAMS 0x0000000082d00000| PB 0x0000000082d00000| Untracked 
|   4|0x0000000082e00000, 0x0000000082e00000, 0x0000000082f00000|  0%| F|  |TAMS 0x0000000082e00000| PB 0x0000000082e00000| Untracked 
|   5|0x0000000082f00000, 0x0000000082f00000, 0x0000000083000000|  0%| F|  |TAMS 0x0000000082f00000| PB 0x0000000082f00000| Untracked 
|   6|0x0000000083000000, 0x0000000083000000, 0x0000000083100000|  0%| F|  |TAMS 0x0000000083000000| PB 0x0000000083000000| Untracked 
|   7|0x0000000083100000, 0x0000000083100000, 0x0000000083200000|  0%| F|  |TAMS 0x0000000083100000| PB 0x0000000083100000| Untracked 
|   8|0x0000000083200000, 0x0000000083200000, 0x0000000083300000|  0%| F|  |TAMS 0x0000000083200000| PB 0x0000000083200000| Untracked 
|   9|0x0000000083300000, 0x0000000083300000, 0x0000000083400000|  0%| F|  |TAMS 0x0000000083300000| PB 0x0000000083300000| Untracked 
|  10|0x0000000083400000, 0x0000000083400000, 0x0000000083500000|  0%| F|  |TAMS 0x0000000083400000| PB 0x0000000083400000| Untracked 
|  11|0x0000000083500000, 0x0000000083500000, 0x0000000083600000|  0%| F|  |TAMS 0x0000000083500000| PB 0x0000000083500000| Untracked 
|  12|0x0000000083600000, 0x0000000083600000, 0x0000000083700000|  0%| F|  |TAMS 0x0000000083600000| PB 0x0000000083600000| Untracked 
|  13|0x0000000083700000, 0x0000000083700000, 0x0000000083800000|  0%| F|  |TAMS 0x0000000083700000| PB 0x0000000083700000| Untracked 
|  14|0x0000000083800000, 0x0000000083800000, 0x0000000083900000|  0%| F|  |TAMS 0x0000000083800000| PB 0x0000000083800000| Untracked 
|  15|0x0000000083900000, 0x0000000083900000, 0x0000000083a00000|  0%| F|  |TAMS 0x0000000083900000| PB 0x0000000083900000| Untracked 
|  16|0x0000000083a00000, 0x0000000083a00000, 0x0000000083b00000|  0%| F|  |TAMS 0x0000000083a00000| PB 0x0000000083a00000| Untracked 
|  17|0x0000000083b00000, 0x0000000083b00000, 0x0000000083c00000|  0%| F|  |TAMS 0x0000000083b00000| PB 0x0000000083b00000| Untracked 
|  18|0x0000000083c00000, 0x0000000083c00000, 0x0000000083d00000|  0%| F|  |TAMS 0x0000000083c00000| PB 0x0000000083c00000| Untracked 
|  19|0x0000000083d00000, 0x0000000083d00000, 0x0000000083e00000|  0%| F|  |TAMS 0x0000000083d00000| PB 0x0000000083d00000| Untracked 
|  20|0x0000000083e00000, 0x0000000083e00000, 0x0000000083f00000|  0%| F|  |TAMS 0x0000000083e00000| PB 0x0000000083e00000| Untracked 
|  21|0x0000000083f00000, 0x0000000083f00000, 0x0000000084000000|  0%| F|  |TAMS 0x0000000083f00000| PB 0x0000000083f00000| Untracked 
|  22|0x0000000084000000, 0x0000000084000000, 0x0000000084100000|  0%| F|  |TAMS 0x0000000084000000| PB 0x0000000084000000| Untracked 
|  23|0x0000000084100000, 0x0000000084100000, 0x0000000084200000|  0%| F|  |TAMS 0x0000000084100000| PB 0x0000000084100000| Untracked 
|  24|0x0000000084200000, 0x0000000084200000, 0x0000000084300000|  0%| F|  |TAMS 0x0000000084200000| PB 0x0000000084200000| Untracked 
|  25|0x0000000084300000, 0x0000000084300000, 0x0000000084400000|  0%| F|  |TAMS 0x0000000084300000| PB 0x0000000084300000| Untracked 
|  26|0x0000000084400000, 0x0000000084400000, 0x0000000084500000|  0%| F|  |TAMS 0x0000000084400000| PB 0x0000000084400000| Untracked 
|  27|0x0000000084500000, 0x0000000084500000, 0x0000000084600000|  0%| F|  |TAMS 0x0000000084500000| PB 0x0000000084500000| Untracked 
|  28|0x0000000084600000, 0x0000000084600000, 0x0000000084700000|  0%| F|  |TAMS 0x0000000084600000| PB 0x0000000084600000| Untracked 
|  29|0x0000000084700000, 0x0000000084700000, 0x0000000084800000|  0%| F|  |TAMS 0x0000000084700000| PB 0x0000000084700000| Untracked 
|  30|0x0000000084800000, 0x0000000084800000, 0x0000000084900000|  0%| F|  |TAMS 0x0000000084800000| PB 0x0000000084800000| Untracked 
|  31|0x0000000084900000, 0x0000000084900000, 0x0000000084a00000|  0%| F|  |TAMS 0x0000000084900000| PB 0x0000000084900000| Untracked 
|  32|0x0000000084a00000, 0x0000000084a00000, 0x0000000084b00000|  0%| F|  |TAMS 0x0000000084a00000| PB 0x0000000084a00000| Untracked 
|  33|0x0000000084b00000, 0x0000000084b00000, 0x0000000084c00000|  0%| F|  |TAMS 0x0000000084b00000| PB 0x0000000084b00000| Untracked 
|  34|0x0000000084c00000, 0x0000000084c00000, 0x0000000084d00000|  0%| F|  |TAMS 0x0000000084c00000| PB 0x0000000084c00000| Untracked 
|  35|0x0000000084d00000, 0x0000000084d00000, 0x0000000084e00000|  0%| F|  |TAMS 0x0000000084d00000| PB 0x0000000084d00000| Untracked 
|  36|0x0000000084e00000, 0x0000000084e00000, 0x0000000084f00000|  0%| F|  |TAMS 0x0000000084e00000| PB 0x0000000084e00000| Untracked 
|  37|0x0000000084f00000, 0x0000000084f00000, 0x0000000085000000|  0%| F|  |TAMS 0x0000000084f00000| PB 0x0000000084f00000| Untracked 
|  38|0x0000000085000000, 0x0000000085000000, 0x0000000085100000|  0%| F|  |TAMS 0x0000000085000000| PB 0x0000000085000000| Untracked 
|  39|0x0000000085100000, 0x0000000085100000, 0x0000000085200000|  0%| F|  |TAMS 0x0000000085100000| PB 0x0000000085100000| Untracked 
|  40|0x0000000085200000, 0x0000000085200000, 0x0000000085300000|  0%| F|  |TAMS 0x0000000085200000| PB 0x0000000085200000| Untracked 
|  41|0x0000000085300000, 0x0000000085300000, 0x0000000085400000|  0%| F|  |TAMS 0x0000000085300000| PB 0x0000000085300000| Untracked 
|  42|0x0000000085400000, 0x0000000085400000, 0x0000000085500000|  0%| F|  |TAMS 0x0000000085400000| PB 0x0000000085400000| Untracked 
|  43|0x0000000085500000, 0x0000000085500000, 0x0000000085600000|  0%| F|  |TAMS 0x0000000085500000| PB 0x0000000085500000| Untracked 
|  44|0x0000000085600000, 0x0000000085600000, 0x0000000085700000|  0%| F|  |TAMS 0x0000000085600000| PB 0x0000000085600000| Untracked 
|  45|0x0000000085700000, 0x0000000085700000, 0x0000000085800000|  0%| F|  |TAMS 0x0000000085700000| PB 0x0000000085700000| Untracked 
|  46|0x0000000085800000, 0x0000000085800000, 0x0000000085900000|  0%| F|  |TAMS 0x0000000085800000| PB 0x0000000085800000| Untracked 
|  47|0x0000000085900000, 0x0000000085900000, 0x0000000085a00000|  0%| F|  |TAMS 0x0000000085900000| PB 0x0000000085900000| Untracked 
|  48|0x0000000085a00000, 0x0000000085a00000, 0x0000000085b00000|  0%| F|  |TAMS 0x0000000085a00000| PB 0x0000000085a00000| Untracked 
|  49|0x0000000085b00000, 0x0000000085b00000, 0x0000000085c00000|  0%| F|  |TAMS 0x0000000085b00000| PB 0x0000000085b00000| Untracked 
|  50|0x0000000085c00000, 0x0000000085c00000, 0x0000000085d00000|  0%| F|  |TAMS 0x0000000085c00000| PB 0x0000000085c00000| Untracked 
|  51|0x0000000085d00000, 0x0000000085d00000, 0x0000000085e00000|  0%| F|  |TAMS 0x0000000085d00000| PB 0x0000000085d00000| Untracked 
|  52|0x0000000085e00000, 0x0000000085e00000, 0x0000000085f00000|  0%| F|  |TAMS 0x0000000085e00000| PB 0x0000000085e00000| Untracked 
|  53|0x0000000085f00000, 0x0000000085f00000, 0x0000000086000000|  0%| F|  |TAMS 0x0000000085f00000| PB 0x0000000085f00000| Untracked 
|  54|0x0000000086000000, 0x0000000086000000, 0x0000000086100000|  0%| F|  |TAMS 0x0000000086000000| PB 0x0000000086000000| Untracked 
|  55|0x0000000086100000, 0x0000000086100000, 0x0000000086200000|  0%| F|  |TAMS 0x0000000086100000| PB 0x0000000086100000| Untracked 
|  56|0x0000000086200000, 0x0000000086200000, 0x0000000086300000|  0%| F|  |TAMS 0x0000000086200000| PB 0x0000000086200000| Untracked 
|  57|0x0000000086300000, 0x0000000086300000, 0x0000000086400000|  0%| F|  |TAMS 0x0000000086300000| PB 0x0000000086300000| Untracked 
|  58|0x0000000086400000, 0x0000000086400000, 0x0000000086500000|  0%| F|  |TAMS 0x0000000086400000| PB 0x0000000086400000| Untracked 
|  59|0x0000000086500000, 0x0000000086500000, 0x0000000086600000|  0%| F|  |TAMS 0x0000000086500000| PB 0x0000000086500000| Untracked 
|  60|0x0000000086600000, 0x0000000086600000, 0x0000000086700000|  0%| F|  |TAMS 0x0000000086600000| PB 0x0000000086600000| Untracked 
|  61|0x0000000086700000, 0x0000000086700000, 0x0000000086800000|  0%| F|  |TAMS 0x0000000086700000| PB 0x0000000086700000| Untracked 
|  62|0x0000000086800000, 0x0000000086800000, 0x0000000086900000|  0%| F|  |TAMS 0x0000000086800000| PB 0x0000000086800000| Untracked 
|  63|0x0000000086900000, 0x0000000086900000, 0x0000000086a00000|  0%| F|  |TAMS 0x0000000086900000| PB 0x0000000086900000| Untracked 
|  64|0x0000000086a00000, 0x0000000086a00000, 0x0000000086b00000|  0%| F|  |TAMS 0x0000000086a00000| PB 0x0000000086a00000| Untracked 
|  65|0x0000000086b00000, 0x0000000086b00000, 0x0000000086c00000|  0%| F|  |TAMS 0x0000000086b00000| PB 0x0000000086b00000| Untracked 
|  66|0x0000000086c00000, 0x0000000086c00000, 0x0000000086d00000|  0%| F|  |TAMS 0x0000000086c00000| PB 0x0000000086c00000| Untracked 
|  67|0x0000000086d00000, 0x0000000086d00000, 0x0000000086e00000|  0%| F|  |TAMS 0x0000000086d00000| PB 0x0000000086d00000| Untracked 
|  68|0x0000000086e00000, 0x0000000086e00000, 0x0000000086f00000|  0%| F|  |TAMS 0x0000000086e00000| PB 0x0000000086e00000| Untracked 
|  69|0x0000000086f00000, 0x0000000086f00000, 0x0000000087000000|  0%| F|  |TAMS 0x0000000086f00000| PB 0x0000000086f00000| Untracked 
|  70|0x0000000087000000, 0x0000000087000000, 0x0000000087100000|  0%| F|  |TAMS 0x0000000087000000| PB 0x0000000087000000| Untracked 
|  71|0x0000000087100000, 0x0000000087100000, 0x0000000087200000|  0%| F|  |TAMS 0x0000000087100000| PB 0x0000000087100000| Untracked 
|  72|0x0000000087200000, 0x0000000087200000, 0x0000000087300000|  0%| F|  |TAMS 0x0000000087200000| PB 0x0000000087200000| Untracked 
|  73|0x0000000087300000, 0x0000000087300000, 0x0000000087400000|  0%| F|  |TAMS 0x0000000087300000| PB 0x0000000087300000| Untracked 
|  74|0x0000000087400000, 0x0000000087400000, 0x0000000087500000|  0%| F|  |TAMS 0x0000000087400000| PB 0x0000000087400000| Untracked 
|  75|0x0000000087500000, 0x0000000087500000, 0x0000000087600000|  0%| F|  |TAMS 0x0000000087500000| PB 0x0000000087500000| Untracked 
|  76|0x0000000087600000, 0x0000000087600000, 0x0000000087700000|  0%| F|  |TAMS 0x0000000087600000| PB 0x0000000087600000| Untracked 
|  77|0x0000000087700000, 0x0000000087700000, 0x0000000087800000|  0%| F|  |TAMS 0x0000000087700000| PB 0x0000000087700000| Untracked 
|  78|0x0000000087800000, 0x0000000087800000, 0x0000000087900000|  0%| F|  |TAMS 0x0000000087800000| PB 0x0000000087800000| Untracked 
|  79|0x0000000087900000, 0x0000000087900000, 0x0000000087a00000|  0%| F|  |TAMS 0x0000000087900000| PB 0x0000000087900000| Untracked 
|  80|0x0000000087a00000, 0x0000000087a00000, 0x0000000087b00000|  0%| F|  |TAMS 0x0000000087a00000| PB 0x0000000087a00000| Untracked 
|  81|0x0000000087b00000, 0x0000000087b00000, 0x0000000087c00000|  0%| F|  |TAMS 0x0000000087b00000| PB 0x0000000087b00000| Untracked 
|  82|0x0000000087c00000, 0x0000000087c00000, 0x0000000087d00000|  0%| F|  |TAMS 0x0000000087c00000| PB 0x0000000087c00000| Untracked 
|  83|0x0000000087d00000, 0x0000000087d00000, 0x0000000087e00000|  0%| F|  |TAMS 0x0000000087d00000| PB 0x0000000087d00000| Untracked 
|  84|0x0000000087e00000, 0x0000000087e00000, 0x0000000087f00000|  0%| F|  |TAMS 0x0000000087e00000| PB 0x0000000087e00000| Untracked 
|  85|0x0000000087f00000, 0x0000000087f00000, 0x0000000088000000|  0%| F|  |TAMS 0x0000000087f00000| PB 0x0000000087f00000| Untracked 
|  86|0x0000000088000000, 0x0000000088000000, 0x0000000088100000|  0%| F|  |TAMS 0x0000000088000000| PB 0x0000000088000000| Untracked 
|  87|0x0000000088100000, 0x0000000088100000, 0x0000000088200000|  0%| F|  |TAMS 0x0000000088100000| PB 0x0000000088100000| Untracked 
|  88|0x0000000088200000, 0x0000000088200000, 0x0000000088300000|  0%| F|  |TAMS 0x0000000088200000| PB 0x0000000088200000| Untracked 
|  89|0x0000000088300000, 0x0000000088300000, 0x0000000088400000|  0%| F|  |TAMS 0x0000000088300000| PB 0x0000000088300000| Untracked 
|  90|0x0000000088400000, 0x0000000088400000, 0x0000000088500000|  0%| F|  |TAMS 0x0000000088400000| PB 0x0000000088400000| Untracked 
|  91|0x0000000088500000, 0x0000000088500000, 0x0000000088600000|  0%| F|  |TAMS 0x0000000088500000| PB 0x0000000088500000| Untracked 
|  92|0x0000000088600000, 0x0000000088600000, 0x0000000088700000|  0%| F|  |TAMS 0x0000000088600000| PB 0x0000000088600000| Untracked 
|  93|0x0000000088700000, 0x0000000088700000, 0x0000000088800000|  0%| F|  |TAMS 0x0000000088700000| PB 0x0000000088700000| Untracked 
|  94|0x0000000088800000, 0x0000000088800000, 0x0000000088900000|  0%| F|  |TAMS 0x0000000088800000| PB 0x0000000088800000| Untracked 
|  95|0x0000000088900000, 0x0000000088900000, 0x0000000088a00000|  0%| F|  |TAMS 0x0000000088900000| PB 0x0000000088900000| Untracked 
|  96|0x0000000088a00000, 0x0000000088a00000, 0x0000000088b00000|  0%| F|  |TAMS 0x0000000088a00000| PB 0x0000000088a00000| Untracked 
|  97|0x0000000088b00000, 0x0000000088b00000, 0x0000000088c00000|  0%| F|  |TAMS 0x0000000088b00000| PB 0x0000000088b00000| Untracked 
|  98|0x0000000088c00000, 0x0000000088c00000, 0x0000000088d00000|  0%| F|  |TAMS 0x0000000088c00000| PB 0x0000000088c00000| Untracked 
|  99|0x0000000088d00000, 0x0000000088d00000, 0x0000000088e00000|  0%| F|  |TAMS 0x0000000088d00000| PB 0x0000000088d00000| Untracked 
| 100|0x0000000088e00000, 0x0000000088e00000, 0x0000000088f00000|  0%| F|  |TAMS 0x0000000088e00000| PB 0x0000000088e00000| Untracked 
| 101|0x0000000088f00000, 0x0000000088f00000, 0x0000000089000000|  0%| F|  |TAMS 0x0000000088f00000| PB 0x0000000088f00000| Untracked 
| 102|0x0000000089000000, 0x0000000089000000, 0x0000000089100000|  0%| F|  |TAMS 0x0000000089000000| PB 0x0000000089000000| Untracked 
| 103|0x0000000089100000, 0x0000000089100000, 0x0000000089200000|  0%| F|  |TAMS 0x0000000089100000| PB 0x0000000089100000| Untracked 
| 104|0x0000000089200000, 0x0000000089200000, 0x0000000089300000|  0%| F|  |TAMS 0x0000000089200000| PB 0x0000000089200000| Untracked 
| 105|0x0000000089300000, 0x0000000089300000, 0x0000000089400000|  0%| F|  |TAMS 0x0000000089300000| PB 0x0000000089300000| Untracked 
| 106|0x0000000089400000, 0x0000000089400000, 0x0000000089500000|  0%| F|  |TAMS 0x0000000089400000| PB 0x0000000089400000| Untracked 
| 107|0x0000000089500000, 0x0000000089500000, 0x0000000089600000|  0%| F|  |TAMS 0x0000000089500000| PB 0x0000000089500000| Untracked 
| 108|0x0000000089600000, 0x0000000089600000, 0x0000000089700000|  0%| F|  |TAMS 0x0000000089600000| PB 0x0000000089600000| Untracked 
| 109|0x0000000089700000, 0x0000000089700000, 0x0000000089800000|  0%| F|  |TAMS 0x0000000089700000| PB 0x0000000089700000| Untracked 
| 110|0x0000000089800000, 0x0000000089800000, 0x0000000089900000|  0%| F|  |TAMS 0x0000000089800000| PB 0x0000000089800000| Untracked 
| 111|0x0000000089900000, 0x0000000089900000, 0x0000000089a00000|  0%| F|  |TAMS 0x0000000089900000| PB 0x0000000089900000| Untracked 
| 112|0x0000000089a00000, 0x0000000089a00000, 0x0000000089b00000|  0%| F|  |TAMS 0x0000000089a00000| PB 0x0000000089a00000| Untracked 
| 113|0x0000000089b00000, 0x0000000089b00000, 0x0000000089c00000|  0%| F|  |TAMS 0x0000000089b00000| PB 0x0000000089b00000| Untracked 
| 114|0x0000000089c00000, 0x0000000089c00000, 0x0000000089d00000|  0%| F|  |TAMS 0x0000000089c00000| PB 0x0000000089c00000| Untracked 
| 115|0x0000000089d00000, 0x0000000089d00000, 0x0000000089e00000|  0%| F|  |TAMS 0x0000000089d00000| PB 0x0000000089d00000| Untracked 
| 116|0x0000000089e00000, 0x0000000089e00000, 0x0000000089f00000|  0%| F|  |TAMS 0x0000000089e00000| PB 0x0000000089e00000| Untracked 
| 117|0x0000000089f00000, 0x0000000089f00000, 0x000000008a000000|  0%| F|  |TAMS 0x0000000089f00000| PB 0x0000000089f00000| Untracked 
| 118|0x000000008a000000, 0x000000008a000000, 0x000000008a100000|  0%| F|  |TAMS 0x000000008a000000| PB 0x000000008a000000| Untracked 
| 119|0x000000008a100000, 0x000000008a176460, 0x000000008a200000| 46%| E|  |TAMS 0x000000008a100000| PB 0x000000008a100000| Complete 
| 120|0x000000008a200000, 0x000000008a300000, 0x000000008a300000|100%| E|CS|TAMS 0x000000008a200000| PB 0x000000008a200000| Complete 
| 121|0x000000008a300000, 0x000000008a400000, 0x000000008a400000|100%| E|CS|TAMS 0x000000008a300000| PB 0x000000008a300000| Complete 
| 122|0x000000008a400000, 0x000000008a500000, 0x000000008a500000|100%| E|  |TAMS 0x000000008a400000| PB 0x000000008a400000| Complete 
| 123|0x000000008a500000, 0x000000008a600000, 0x000000008a600000|100%| E|CS|TAMS 0x000000008a500000| PB 0x000000008a500000| Complete 
| 124|0x000000008a600000, 0x000000008a700000, 0x000000008a700000|100%| E|CS|TAMS 0x000000008a600000| PB 0x000000008a600000| Complete 
| 125|0x000000008a700000, 0x000000008a800000, 0x000000008a800000|100%| E|CS|TAMS 0x000000008a700000| PB 0x000000008a700000| Complete 

Card table byte_map: [0x000001b936e70000,0x000001b937260000] _byte_map_base: 0x000001b936a5b000

Marking Bits: (CMBitMap*) 0x000001b91f46e1c0
 Bits: [0x000001b937650000, 0x000001b9395a8000)

Polling page: 0x000001b91d3b0000

Metaspace:

Usage:
  Non-class:      2.42 MB used.
      Class:    178.09 KB used.
       Both:      2.60 MB used.

Virtual space:
  Non-class space:       64.00 MB reserved,       2.50 MB (  4%) committed,  1 nodes.
      Class space:        1.00 GB reserved,     256.00 KB ( <1%) committed,  1 nodes.
             Both:        1.06 GB reserved,       2.75 MB ( <1%) committed. 

Chunk freelists:
   Non-Class:  2.89 MB
       Class:  3.66 MB
        Both:  6.55 MB

MaxMetaspaceSize: unlimited
CompressedClassSpaceSize: 1.00 GB
Initial GC threshold: 21.00 MB
Current GC threshold: 21.00 MB
CDS: on
MetaspaceReclaimPolicy: balanced
 - commit_granule_bytes: 65536.
 - commit_granule_words: 8192.
 - virtual_space_node_default_size: 8388608.
 - enlarge_chunks_in_place: 1.
 - new_chunks_are_fully_committed: 0.
 - uncommit_free_chunks: 1.
 - use_allocation_guard: 0.


Internal statistics:

num_allocs_failed_limit: 0.
num_arena_births: 76.
num_arena_deaths: 0.
num_vsnodes_births: 2.
num_vsnodes_deaths: 0.
num_space_committed: 44.
num_space_uncommitted: 0.
num_chunks_returned_to_freelist: 0.
num_chunks_taken_from_freelist: 136.
num_chunk_merges: 0.
num_chunk_splits: 88.
num_chunks_enlarged: 57.
num_inconsistent_stats: 0.

CodeHeap 'non-profiled nmethods': size=120000Kb used=142Kb max_used=142Kb free=119857Kb
 bounds [0x000001b92f210000, 0x000001b92f480000, 0x000001b936740000]
CodeHeap 'profiled nmethods': size=120000Kb used=645Kb max_used=645Kb free=119354Kb
 bounds [0x000001b927740000, 0x000001b9279b0000, 0x000001b92ec70000]
CodeHeap 'non-nmethods': size=5760Kb used=1458Kb max_used=1472Kb free=4301Kb
 bounds [0x000001b92ec70000, 0x000001b92eee0000, 0x000001b92f210000]
 total_blobs=981 nmethods=486 adapters=406
 compilation: enabled
              stopped_count=0, restarted_count=0
 full_count=0

Compilation events (20 events):
Event: 0.240 Thread 0x000001b93c010c90  477       3       org.lwjgl.system.MemoryUtil::memPutAddress (29 bytes)
Event: 0.240 Thread 0x000001b93c013140  478       4       java.lang.Integer::toUnsignedLong (7 bytes)
Event: 0.240 Thread 0x000001b93c010c90 nmethod 477 0x000001b9277dc390 code [0x000001b9277dc520, 0x000001b9277dc718]
Event: 0.240 Thread 0x000001b93c013140 nmethod 478 0x000001b92f233010 code [0x000001b92f233180, 0x000001b92f2331e8]
Event: 0.240 Thread 0x000001b93c013140  479       4       sun.misc.Unsafe::putLong (11 bytes)
Event: 0.240 Thread 0x000001b93c013140 nmethod 479 0x000001b92f233310 code [0x000001b92f233480, 0x000001b92f233530]
Event: 0.241 Thread 0x000001b93c010c90  480       3       java.lang.StringConcatHelper::initialCoder (14 bytes)
Event: 0.241 Thread 0x000001b93c010c90 nmethod 480 0x000001b9277dc810 code [0x000001b9277dc9a0, 0x000001b9277dcab8]
Event: 0.242 Thread 0x000001b93c010c90  481       3       java.lang.String::concat (15 bytes)
Event: 0.243 Thread 0x000001b93c010c90 nmethod 481 0x000001b9277dcb10 code [0x000001b9277dce20, 0x000001b9277de150]
Event: 0.243 Thread 0x000001b93c010c90  483       3       java.lang.StringConcatHelper::mix (27 bytes)
Event: 0.243 Thread 0x000001b93c010c90 nmethod 483 0x000001b9277de810 code [0x000001b9277de9e0, 0x000001b9277dedd8]
Event: 0.243 Thread 0x000001b93c010c90  484       3       java.lang.StringConcatHelper::checkOverflow (17 bytes)
Event: 0.243 Thread 0x000001b93c010c90 nmethod 484 0x000001b9277def90 code [0x000001b9277df120, 0x000001b9277df2f0]
Event: 0.243 Thread 0x000001b93c010c90  485       3       java.lang.StringConcatHelper::prepend (37 bytes)
Event: 0.243 Thread 0x000001b93c010c90 nmethod 485 0x000001b9277df390 code [0x000001b9277df540, 0x000001b9277df800]
Event: 0.243 Thread 0x000001b93c010c90  482       3       java.lang.StringConcatHelper::simpleConcat (94 bytes)
Event: 0.244 Thread 0x000001b93c010c90 nmethod 482 0x000001b9277df990 code [0x000001b9277dfca0, 0x000001b9277e0f68]
Event: 0.244 Thread 0x000001b93c010c90  486       1       jdk.internal.loader.URLClassPath$Loader::getBaseURL (5 bytes)
Event: 0.244 Thread 0x000001b93c010c90 nmethod 486 0x000001b92f233610 code [0x000001b92f233780, 0x000001b92f233848]

GC Heap History (0 events):
No events

Dll operation events (12 events):
Event: 0.008 Loaded shared library C:\Users\sangral\.jdks\corretto-20.0.2.1\bin\java.dll
Event: 0.037 Loaded shared library C:\Users\sangral\.jdks\corretto-20.0.2.1\bin\jsvml.dll
Event: 0.107 Loaded shared library C:\Users\sangral\.jdks\corretto-20.0.2.1\bin\zip.dll
Event: 0.110 Loaded shared library C:\Users\sangral\.jdks\corretto-20.0.2.1\bin\instrument.dll
Event: 0.116 Loaded shared library C:\Users\sangral\.jdks\corretto-20.0.2.1\bin\net.dll
Event: 0.117 Loaded shared library C:\Users\sangral\.jdks\corretto-20.0.2.1\bin\nio.dll
Event: 0.120 Loaded shared library C:\Users\sangral\.jdks\corretto-20.0.2.1\bin\zip.dll
Event: 0.147 Loaded shared library C:\Program Files\JetBrains\IntelliJ IDEA Community Edition 2023.3.5\bin\breakgen64.dll
Event: 0.154 Loaded shared library C:\Users\sangral\.jdks\corretto-20.0.2.1\bin\extnet.dll
Event: 0.195 Loaded shared library C:\Users\sangral\.jdks\corretto-20.0.2.1\bin\jimage.dll
Event: 0.208 Loaded shared library C:\Users\sangral\AppData\Local\Temp\lwjgl_sangral\3.3.3+5\x64\lwjgl.dll
Event: 0.216 Loaded shared library C:\Users\sangral\AppData\Local\Temp\lwjgl_sangral\3.3.3+5\x64\lwjgl_opengl.dll

Deoptimization events (2 events):
Event: 0.236 Thread 0x000001b91f40e6c0 DEOPT PACKING pc=0x000001b92776abd7 sp=0x0000007a11afbd90
Event: 0.236 Thread 0x000001b91f40e6c0 DEOPT UNPACKING pc=0x000001b92ecda4c2 sp=0x0000007a11afb1b0 mode 0

Classes loaded (20 events):
Event: 0.223 Loading class java/nio/DirectFloatBufferU
Event: 0.223 Loading class java/nio/DirectFloatBufferU done
Event: 0.223 Loading class java/nio/DirectDoubleBufferU
Event: 0.223 Loading class java/nio/DirectDoubleBufferU done
Event: 0.223 Loading class sun/misc/Unsafe
Event: 0.224 Loading class sun/misc/Unsafe done
Event: 0.224 Loading class java/lang/invoke/DirectMethodHandle$StaticAccessor
Event: 0.224 Loading class java/lang/invoke/DirectMethodHandle$StaticAccessor done
Event: 0.226 Loading class java/util/function/LongPredicate
Event: 0.226 Loading class java/util/function/LongPredicate done
Event: 0.228 Loading class java/lang/foreign/MemorySegment
Event: 0.228 Loading class java/lang/foreign/MemorySegment done
Event: 0.232 Loading class java/nio/InvalidMarkException
Event: 0.232 Loading class java/nio/InvalidMarkException done
Event: 0.232 Loading class java/nio/BufferUnderflowException
Event: 0.232 Loading class java/nio/BufferUnderflowException done
Event: 0.233 Loading class java/lang/IndexOutOfBoundsException
Event: 0.233 Loading class java/lang/IndexOutOfBoundsException done
Event: 0.238 Loading class java/util/Formatter$FixedString
Event: 0.238 Loading class java/util/Formatter$FixedString done

Classes unloaded (0 events):
No events

Classes redefined (0 events):
No events

Internal exceptions (20 events):
Event: 0.178 Thread 0x000001b91f40e6c0 Exception <a 'java/lang/NoSuchMethodError'{0x000000008a333220}: 'void java.lang.System.load(java.lang.String, java.lang.Class)'> (0x000000008a333220) 
thrown [s\src\hotspot\share\interpreter\linkResolver.cpp, line 773]
Event: 0.178 Thread 0x000001b91f40e6c0 Exception <a 'java/lang/NoSuchMethodError'{0x000000008a333bf0}: 'void java.lang.invoke.DirectMethodHandle$Holder.invokeSpecial(java.lang.Object, java.lang.Object, java.lang.Object)'> (0x000000008a333bf0) 
thrown [s\src\hotspot\share\interpreter\linkResolver.cpp, line 773]
Event: 0.179 Thread 0x000001b91f40e6c0 Exception <a 'java/lang/NoSuchMethodError'{0x000000008a341800}: 'java.lang.Object java.lang.invoke.DirectMethodHandle$Holder.invokeStatic(java.lang.Object, java.lang.Object, int)'> (0x000000008a341800) 
thrown [s\src\hotspot\share\interpreter\linkResolver.cpp, line 773]
Event: 0.180 Thread 0x000001b91f40e6c0 Exception <a 'java/lang/NoSuchMethodError'{0x000000008a34cdf8}: 'void java.lang.invoke.DelegatingMethodHandle$Holder.delegate(java.lang.Object, java.lang.Object, int, java.lang.Object)'> (0x000000008a34cdf8) 
thrown [s\src\hotspot\share\interpreter\linkResolver.cpp, line 773]
Event: 0.180 Thread 0x000001b91f40e6c0 Exception <a 'java/lang/NoSuchMethodError'{0x000000008a350ad8}: 'int java.lang.invoke.DirectMethodHandle$Holder.invokeSpecial(java.lang.Object, java.lang.Object, java.lang.Object)'> (0x000000008a350ad8) 
thrown [s\src\hotspot\share\interpreter\linkResolver.cpp, line 773]
Event: 0.184 Thread 0x000001b91f40e6c0 Exception <a 'java/lang/NoSuchMethodError'{0x000000008a36a7d0}: 'void java.lang.System.loadLibrary(java.lang.String, java.lang.Class)'> (0x000000008a36a7d0) 
thrown [s\src\hotspot\share\interpreter\linkResolver.cpp, line 773]
Event: 0.193 Thread 0x000001b91f40e6c0 Exception <a 'java/lang/NoSuchMethodError'{0x000000008a3c6008}: 'void java.lang.System.load(java.lang.String, java.lang.Class)'> (0x000000008a3c6008) 
thrown [s\src\hotspot\share\interpreter\linkResolver.cpp, line 773]
Event: 0.193 Thread 0x000001b91f40e6c0 Exception <a 'java/lang/NoSuchMethodError'{0x000000008a3c8ee8}: 'void java.lang.System.loadLibrary(java.lang.String, java.lang.Class)'> (0x000000008a3c8ee8) 
thrown [s\src\hotspot\share\interpreter\linkResolver.cpp, line 773]
Event: 0.206 Thread 0x000001b91f40e6c0 Exception <a 'sun/nio/fs/WindowsException'{0x000000008a3f8650}> (0x000000008a3f8650) 
thrown [s\src\hotspot\share\prims\jni.cpp, line 519]
Event: 0.206 Thread 0x000001b91f40e6c0 Exception <a 'sun/nio/fs/WindowsException'{0x000000008a3f8b90}> (0x000000008a3f8b90) 
thrown [s\src\hotspot\share\prims\jni.cpp, line 519]
Event: 0.215 Thread 0x000001b91f40e6c0 Exception <a 'sun/nio/fs/WindowsException'{0x000000008a22af50}> (0x000000008a22af50) 
thrown [s\src\hotspot\share\prims\jni.cpp, line 519]
Event: 0.215 Thread 0x000001b91f40e6c0 Exception <a 'sun/nio/fs/WindowsException'{0x000000008a22b308}> (0x000000008a22b308) 
thrown [s\src\hotspot\share\prims\jni.cpp, line 519]
Event: 0.219 Thread 0x000001b91f40e6c0 Exception <a 'sun/nio/fs/WindowsException'{0x000000008a235958}> (0x000000008a235958) 
thrown [s\src\hotspot\share\prims\jni.cpp, line 519]
Event: 0.219 Thread 0x000001b91f40e6c0 Exception <a 'sun/nio/fs/WindowsException'{0x000000008a235c48}> (0x000000008a235c48) 
thrown [s\src\hotspot\share\prims\jni.cpp, line 519]
Event: 0.227 Thread 0x000001b91f40e6c0 Exception <a 'java/lang/NoSuchMethodError'{0x000000008a286da0}: 'int java.lang.invoke.DirectMethodHandle$Holder.invokeStaticInit(java.lang.Object, java.lang.Object, int, long)'> (0x000000008a286da0) 
thrown [s\src\hotspot\share\interpreter\linkResolver.cpp, line 773]
Event: 0.228 Thread 0x000001b91f40e6c0 Exception <a 'java/lang/NoSuchMethodError'{0x000000008a28c650}: 'java.lang.Object java.lang.invoke.DirectMethodHandle$Holder.newInvokeSpecial(java.lang.Object, java.lang.Object, int)'> (0x000000008a28c650) 
thrown [s\src\hotspot\share\interpreter\linkResolver.cpp, line 773]
Event: 0.230 Thread 0x000001b91f40e6c0 Exception <a 'java/lang/NoSuchMethodError'{0x000000008a29b7f0}: 'int java.lang.invoke.DirectMethodHandle$Holder.invokeStaticInit(java.lang.Object, java.lang.Object, long, long)'> (0x000000008a29b7f0) 
thrown [s\src\hotspot\share\interpreter\linkResolver.cpp, line 773]
Event: 0.231 Thread 0x000001b91f40e6c0 Exception <a 'java/lang/NoSuchMethodError'{0x000000008a2a18e8}: 'java.lang.Object java.lang.invoke.DirectMethodHandle$Holder.newInvokeSpecial(java.lang.Object, java.lang.Object, long)'> (0x000000008a2a18e8) 
thrown [s\src\hotspot\share\interpreter\linkResolver.cpp, line 773]
Event: 0.231 Thread 0x000001b91f40e6c0 Exception <a 'java/lang/NoSuchMethodError'{0x000000008a2a5950}: 'java.lang.Object java.lang.invoke.Invokers$Holder.linkToTargetMethod(java.lang.Object, long, java.lang.Object)'> (0x000000008a2a5950) 
thrown [s\src\hotspot\share\interpreter\linkResolver.cpp, line 773]
Event: 0.231 Thread 0x000001b91f40e6c0 Exception <a 'java/lang/NoSuchMethodError'{0x000000008a2ac988}: 'int java.lang.invoke.DirectMethodHandle$Holder.invokeStaticInit(java.lang.Object, java.lang.Object, java.lang.Object, long)'> (0x000000008a2ac988) 
thrown [s\src\hotspot\share\interpreter\linkResolver.cpp, line 773]

VM Operations (8 events):
Event: 0.093 Executing VM operation: HandshakeAllThreads
Event: 0.093 Executing VM operation: HandshakeAllThreads done
Event: 0.149 Executing VM operation: HandshakeAllThreads
Event: 0.150 Executing VM operation: HandshakeAllThreads done
Event: 0.202 Executing VM operation: HandshakeAllThreads
Event: 0.202 Executing VM operation: HandshakeAllThreads done
Event: 0.206 Executing VM operation: HandshakeAllThreads
Event: 0.206 Executing VM operation: HandshakeAllThreads done

Events (12 events):
Event: 0.037 Thread 0x000001b91f40e6c0 Thread added: 0x000001b91f40e6c0
Event: 0.054 Thread 0x000001b93bff6f00 Thread added: 0x000001b93bff6f00
Event: 0.054 Thread 0x000001b93bff78e0 Thread added: 0x000001b93bff78e0
Event: 0.054 Thread 0x000001b93bff9c80 Thread added: 0x000001b93bff9c80
Event: 0.054 Thread 0x000001b93bfff5e0 Thread added: 0x000001b93bfff5e0
Event: 0.054 Thread 0x000001b93c004d50 Thread added: 0x000001b93c004d50
Event: 0.055 Thread 0x000001b93c0052a0 Thread added: 0x000001b93c0052a0
Event: 0.055 Thread 0x000001b93c013140 Thread added: 0x000001b93c013140
Event: 0.055 Thread 0x000001b93c010c90 Thread added: 0x000001b93c010c90
Event: 0.083 Thread 0x000001b93c006290 Thread added: 0x000001b93c006290
Event: 0.147 Thread 0x000001b93c002d70 Thread added: 0x000001b93c002d70
Event: 0.147 Thread 0x000001b93c0057f0 Thread added: 0x000001b93c0057f0


Dynamic libraries:
0x00007ff60a4a0000 - 0x00007ff60a4ae000 	C:\Users\sangral\.jdks\corretto-20.0.2.1\bin\java.exe
0x00007ff9739f0000 - 0x00007ff973c07000 	C:\WINDOWS\SYSTEM32\ntdll.dll
0x00007ff9725d0000 - 0x00007ff972694000 	C:\WINDOWS\System32\KERNEL32.DLL
0x00007ff970e30000 - 0x00007ff9711d7000 	C:\WINDOWS\System32\KERNELBASE.dll
0x00007ff970d10000 - 0x00007ff970e21000 	C:\WINDOWS\System32\ucrtbase.dll
0x00007ff95ab70000 - 0x00007ff95ab87000 	C:\Users\sangral\.jdks\corretto-20.0.2.1\bin\jli.dll
0x00007ff958ed0000 - 0x00007ff958eeb000 	C:\Users\sangral\.jdks\corretto-20.0.2.1\bin\VCRUNTIME140.dll
0x00007ff971a80000 - 0x00007ff971c2e000 	C:\WINDOWS\System32\USER32.dll
0x00007ff971520000 - 0x00007ff971546000 	C:\WINDOWS\System32\win32u.dll
0x00007ff95b350000 - 0x00007ff95b5e3000 	C:\WINDOWS\WinSxS\amd64_microsoft.windows.common-controls_6595b64144ccf1df_6.0.22621.3527_none_270e469b73872a76\COMCTL32.dll
0x00007ff9723e0000 - 0x00007ff972409000 	C:\WINDOWS\System32\GDI32.dll
0x00007ff9726f0000 - 0x00007ff972797000 	C:\WINDOWS\System32\msvcrt.dll
0x00007ff971400000 - 0x00007ff971519000 	C:\WINDOWS\System32\gdi32full.dll
0x00007ff971610000 - 0x00007ff9716aa000 	C:\WINDOWS\System32\msvcp_win.dll
0x00007ff971c30000 - 0x00007ff971c61000 	C:\WINDOWS\System32\IMM32.DLL
0x00007ff95f890000 - 0x00007ff95f89c000 	C:\Users\sangral\.jdks\corretto-20.0.2.1\bin\vcruntime140_1.dll
0x00007ff936d80000 - 0x00007ff936e0e000 	C:\Users\sangral\.jdks\corretto-20.0.2.1\bin\msvcp140.dll
0x00007ff90ff10000 - 0x00007ff910c14000 	C:\Users\sangral\.jdks\corretto-20.0.2.1\bin\server\jvm.dll
0x00007ff971df0000 - 0x00007ff971ea2000 	C:\WINDOWS\System32\ADVAPI32.dll
0x00007ff9735a0000 - 0x00007ff973648000 	C:\WINDOWS\System32\sechost.dll
0x00007ff971350000 - 0x00007ff971378000 	C:\WINDOWS\System32\bcrypt.dll
0x00007ff971cd0000 - 0x00007ff971de5000 	C:\WINDOWS\System32\RPCRT4.dll
0x00007ff969200000 - 0x00007ff969209000 	C:\WINDOWS\SYSTEM32\WSOCK32.dll
0x00007ff969130000 - 0x00007ff969164000 	C:\WINDOWS\SYSTEM32\WINMM.dll
0x00007ff969120000 - 0x00007ff96912a000 	C:\WINDOWS\SYSTEM32\VERSION.dll
0x00007ff971ec0000 - 0x00007ff971f31000 	C:\WINDOWS\System32\WS2_32.dll
0x00007ff96fe20000 - 0x00007ff96fe38000 	C:\WINDOWS\SYSTEM32\kernel.appcore.dll
0x00007ff95ace0000 - 0x00007ff95acea000 	C:\Users\sangral\.jdks\corretto-20.0.2.1\bin\jimage.dll
0x00007ff96e5f0000 - 0x00007ff96e822000 	C:\WINDOWS\SYSTEM32\DBGHELP.DLL
0x00007ff9727c0000 - 0x00007ff972b48000 	C:\WINDOWS\System32\combase.dll
0x00007ff972b50000 - 0x00007ff972c27000 	C:\WINDOWS\System32\OLEAUT32.dll
0x00007ff94a090000 - 0x00007ff94a0c2000 	C:\WINDOWS\SYSTEM32\dbgcore.DLL
0x00007ff971380000 - 0x00007ff9713f9000 	C:\WINDOWS\System32\bcryptPrimitives.dll
0x00007ff958ec0000 - 0x00007ff958ece000 	C:\Users\sangral\.jdks\corretto-20.0.2.1\bin\instrument.dll
0x00007ff958e90000 - 0x00007ff958eb6000 	C:\Users\sangral\.jdks\corretto-20.0.2.1\bin\java.dll
0x00007ff936ca0000 - 0x00007ff936d77000 	C:\Users\sangral\.jdks\corretto-20.0.2.1\bin\jsvml.dll
0x00007ff972c40000 - 0x00007ff97349c000 	C:\WINDOWS\System32\SHELL32.dll
0x00007ff96ec60000 - 0x00007ff96f556000 	C:\WINDOWS\SYSTEM32\windows.storage.dll
0x00007ff96eb20000 - 0x00007ff96ec5e000 	C:\WINDOWS\SYSTEM32\wintypes.dll
0x00007ff9736f0000 - 0x00007ff9737e5000 	C:\WINDOWS\System32\SHCORE.dll
0x00007ff972410000 - 0x00007ff97246e000 	C:\WINDOWS\System32\shlwapi.dll
0x00007ff970c40000 - 0x00007ff970c61000 	C:\WINDOWS\SYSTEM32\profapi.dll
0x00007ff958df0000 - 0x00007ff958e08000 	C:\Users\sangral\.jdks\corretto-20.0.2.1\bin\zip.dll
0x00007ff94f740000 - 0x00007ff94f753000 	C:\Users\sangral\.jdks\corretto-20.0.2.1\bin\net.dll
0x00007ff969e00000 - 0x00007ff969f36000 	C:\WINDOWS\SYSTEM32\WINHTTP.dll
0x00007ff970290000 - 0x00007ff9702f9000 	C:\WINDOWS\system32\mswsock.dll
0x00007ff941fe0000 - 0x00007ff941ff6000 	C:\Users\sangral\.jdks\corretto-20.0.2.1\bin\nio.dll
0x00007ff941fc0000 - 0x00007ff941fda000 	C:\Program Files\JetBrains\IntelliJ IDEA Community Edition 2023.3.5\bin\breakgen64.dll
0x00007ff958e80000 - 0x00007ff958e87000 	C:\Users\sangral\.jdks\corretto-20.0.2.1\bin\extnet.dll
0x00007ff92a880000 - 0x00007ff92a8fb000 	C:\Users\sangral\AppData\Local\Temp\lwjgl_sangral\3.3.3+5\x64\lwjgl.dll
0x00007ff939a40000 - 0x00007ff939a9e000 	C:\Users\sangral\AppData\Local\Temp\lwjgl_sangral\3.3.3+5\x64\lwjgl_opengl.dll
0x00007ff9588b0000 - 0x00007ff9589b0000 	C:\WINDOWS\SYSTEM32\opengl32.dll
0x00007ff95e6b0000 - 0x00007ff95e6dd000 	C:\WINDOWS\SYSTEM32\GLU32.dll
0x00007ff96e0b0000 - 0x00007ff96e0e9000 	C:\WINDOWS\SYSTEM32\dxcore.dll

dbghelp: loaded successfully - version: 4.0.5 - missing functions: none
symbol engine: initialized successfully - sym options: 0x614 - pdb path: .;C:\Users\sangral\.jdks\corretto-20.0.2.1\bin;C:\WINDOWS\SYSTEM32;C:\WINDOWS\WinSxS\amd64_microsoft.windows.common-controls_6595b64144ccf1df_6.0.22621.3527_none_270e469b73872a76;C:\Users\sangral\.jdks\corretto-20.0.2.1\bin\server;C:\Program Files\JetBrains\IntelliJ IDEA Community Edition 2023.3.5\bin;C:\Users\sangral\AppData\Local\Temp\lwjgl_sangral\3.3.3+5\x64

VM Arguments:
jvm_args: -javaagent:C:\Program Files\JetBrains\IntelliJ IDEA Community Edition 2023.3.5\lib\idea_rt.jar=56405:C:\Program Files\JetBrains\IntelliJ IDEA Community Edition 2023.3.5\bin -Dfile.encoding=UTF-8 -Dsun.stdout.encoding=UTF-8 -Dsun.stderr.encoding=UTF-8 
java_command: main.engineTester.MainGameLoop
java_class_path (initial): E:\repo\Hosta3DEngine\out\production\Hosta3DEngine;E:\repo\Hosta3DEngine\libs\joml-1.10.5.jar;E:\repo\Hosta3DEngine\libs\lwjgl-assimp-natives-windows.jar;E:\repo\Hosta3DEngine\libs\lwjgl-assimp.jar;E:\repo\Hosta3DEngine\libs\lwjgl-glfw-natives-windows.jar;E:\repo\Hosta3DEngine\libs\lwjgl-glfw.jar;E:\repo\Hosta3DEngine\libs\lwjgl-natives-windows.jar;E:\repo\Hosta3DEngine\libs\lwjgl-nfd-natives-windows.jar;E:\repo\Hosta3DEngine\libs\lwjgl-nfd.jar;E:\repo\Hosta3DEngine\libs\lwjgl-openal-natives-windows.jar;E:\repo\Hosta3DEngine\libs\lwjgl-openal.jar;E:\repo\Hosta3DEngine\libs\lwjgl-opengl-natives-windows.jar;E:\repo\Hosta3DEngine\libs\lwjgl-opengl.jar;E:\repo\Hosta3DEngine\libs\lwjgl-stb-natives-windows.jar;E:\repo\Hosta3DEngine\libs\lwjgl-stb.jar;E:\repo\Hosta3DEngine\libs\lwjgl.jar
Launcher Type: SUN_STANDARD

[Global flags]
     intx CICompilerCount                          = 4                                         {product} {ergonomic}
     uint ConcGCThreads                            = 2                                         {product} {ergonomic}
     uint G1ConcRefinementThreads                  = 8                                         {product} {ergonomic}
   size_t G1HeapRegionSize                         = 1048576                                   {product} {ergonomic}
    uintx GCDrainStackTargetSize                   = 64                                        {product} {ergonomic}
   size_t InitialHeapSize                          = 132120576                                 {product} {ergonomic}
   size_t MarkStackSize                            = 4194304                                   {product} {ergonomic}
   size_t MaxHeapSize                              = 2103443456                                {product} {ergonomic}
   size_t MaxNewSize                               = 1261436928                                {product} {ergonomic}
   size_t MinHeapDeltaBytes                        = 1048576                                   {product} {ergonomic}
   size_t MinHeapSize                              = 8388608                                   {product} {ergonomic}
    uintx NonNMethodCodeHeapSize                   = 5839372                                {pd product} {ergonomic}
    uintx NonProfiledCodeHeapSize                  = 122909434                              {pd product} {ergonomic}
    uintx ProfiledCodeHeapSize                     = 122909434                              {pd product} {ergonomic}
    uintx ReservedCodeCacheSize                    = 251658240                              {pd product} {ergonomic}
     bool SegmentedCodeCache                       = true                                      {product} {ergonomic}
   size_t SoftMaxHeapSize                          = 2103443456                             {manageable} {ergonomic}
     bool UseCompressedClassPointers               = true                           {product lp64_product} {ergonomic}
     bool UseCompressedOops                        = true                           {product lp64_product} {ergonomic}
     bool UseG1GC                                  = true                                      {product} {ergonomic}
     bool UseLargePagesIndividualAllocation        = false                                  {pd product} {ergonomic}

Logging:
Log output configuration:
 #0: stdout all=warning uptime,level,tags foldmultilines=false
 #1: stderr all=off uptime,level,tags foldmultilines=false

Environment Variables:
PATH=C:\Program Files\Common Files\Oracle\Java\javapath;C:\Program Files (x86)\Common Files\Oracle\Java\javapath;C:\WINDOWS\system32;C:\WINDOWS;C:\WINDOWS\System32\Wbem;C:\WINDOWS\System32\WindowsPowerShell\v1.0\;C:\WINDOWS\System32\OpenSSH\;E:\system\Git\cmd;C:\Users\sangral\AppData\Local\Programs\Python\Python312\Scripts\;C:\Users\sangral\AppData\Local\Programs\Python\Python312\;C:\Users\sangral\AppData\Local\Microsoft\WindowsApps;E:\system\Microsoft VS Code\bin
USERNAME=sangral
OS=Windows_NT
PROCESSOR_IDENTIFIER=Intel64 Family 6 Model 165 Stepping 2, GenuineIntel
TMP=C:\Users\sangral\AppData\Local\Temp
TEMP=C:\Users\sangral\AppData\Local\Temp




---------------  S Y S T E M  ---------------

OS:
 Windows 11 , 64 bit Build 22621 (10.0.22621.3527)
OS uptime: 10 days 3:26 hours

CPU: total 8 (initial active 8) (4 cores per cpu, 2 threads per core) family 6 model 165 stepping 2 microcode 0xea, cx8, cmov, fxsr, ht, mmx, 3dnowpref, sse, sse2, sse3, ssse3, sse4.1, sse4.2, popcnt, lzcnt, tsc, tscinvbit, avx, avx2, aes, erms, clmul, bmi1, bmi2, adx, fma, vzeroupper, clflush, clflushopt, rdtscp, f16c, pku

Memory: 4k page, system-wide physical 8023M (1088M free)
TotalPageFile size 13143M (AvailPageFile size 2974M)
current process WorkingSet (physical memory assigned to process): 47M, peak: 47M
current process commit charge ("private bytes"): 212M, peak: 212M

vm_info: OpenJDK 64-Bit Server VM (20.0.2.1+10-FR) for windows-amd64 JRE (20.0.2.1+10-FR), built on 2023-08-19T09:18:31Z by "Administrator" with unknown MS VC++:1937

END.
